2024-10-20 12:40:42:4042 [32minfo[39m: [32mServer is running on port 3000[39m
2024-10-20 12:42:39:4239 [32minfo[39m: [32mConectou ao banco de dados![39m
2024-10-20 12:42:39:4239 [32minfo[39m: [32mServer is running on port 3000[39m
2024-10-20 12:42:47:4247 [32minfo[39m: [32mConectou ao banco de dados![39m
2024-10-20 12:42:47:4247 [32minfo[39m: [32mServer is running on port 3000[39m
2024-10-20 12:43:49:4349 [32minfo[39m: [32mConectou ao banco de dados![39m
2024-10-20 12:43:49:4349 [32minfo[39m: [32mServer is running on port 3000[39m
2024-10-20 12:43:57:4357 [32minfo[39m: [32mConectou ao banco de dados![39m
2024-10-20 12:43:57:4357 [32minfo[39m: [32mServer is running on port 3000[39m
2024-10-20 12:44:02:442 [32minfo[39m: [32mConectou ao banco de dados![39m
2024-10-20 12:44:02:442 [32minfo[39m: [32mServer is running on port 3000[39m
2024-10-20 12:44:11:4411 [31merror[39m: [31mNão foi possível conectar[39m
2024-10-20 12:44:11:4411 [31merror[39m: [31mErro: Error: querySrv ENOTFOUND _mongodb._tcp.cluster0.vjkcba.mongodb.net[39m
2024-10-20 12:44:11:4411 [32minfo[39m: [32mServer is running on port 3000[39m
2024-10-20 12:44:16:4416 [32minfo[39m: [32mConectou ao banco de dados![39m
2024-10-20 12:44:16:4416 [32minfo[39m: [32mServer is running on port 3000[39m
2024-10-20 12:45:06:456 [32minfo[39m: [32mConectou ao banco de dados![39m
2024-10-20 12:45:06:456 [32minfo[39m: [32mServer is running on port 3000[39m
2024-10-20 12:45:14:4514 [31merror[39m: [31mNão foi possível conectar[39m
2024-10-20 12:45:30:4530 [32minfo[39m: [32mConectou ao banco de dados![39m
2024-10-20 12:45:30:4530 [32minfo[39m: [32mServer is running on port 3000[39m
2024-10-20 17:01:24:124 [32minfo[39m: [32mConectou ao banco de dados![39m
2024-10-20 17:01:24:124 [32minfo[39m: [32mServer is running on port 3000[39m
2024-10-20 17:07:33:733 [32minfo[39m: [32mConectou ao banco de dados![39m
2024-10-20 17:07:33:733 [32minfo[39m: [32mServer is running on port 3000[39m
2024-10-20 17:07:52:752 [32minfo[39m: [32mConectou ao banco de dados![39m
2024-10-20 17:07:52:752 [32minfo[39m: [32mServer is running on port 3000[39m
2024-10-20 17:09:34:934 [32minfo[39m: [32mConectou ao banco de dados![39m
2024-10-20 17:09:34:934 [32minfo[39m: [32mServer is running on port 3000[39m
2024-10-20 17:09:38:938 [35mhttp[39m: [35mGET /api/test 200 14 - 2.602 ms[39m
[35m[39m
2024-10-20 17:09:41:941 [35mhttp[39m: [35mGET /api/test 200 14 - 1.116 ms[39m
[35m[39m
2024-10-20 17:27:59:2759 [32minfo[39m: [32mConectou ao banco de dados![39m
2024-10-20 17:27:59:2759 [32minfo[39m: [32mServer is running on port 3000[39m
2024-10-20 17:28:14:2814 [32minfo[39m: [32mConectou ao banco de dados![39m
2024-10-20 17:28:14:2814 [32minfo[39m: [32mServer is running on port 3000[39m
2024-10-20 17:28:41:2841 [32minfo[39m: [32mConectou ao banco de dados![39m
2024-10-20 17:28:41:2841 [32minfo[39m: [32mServer is running on port 3000[39m
2024-10-20 17:28:55:2855 [32minfo[39m: [32mConectou ao banco de dados![39m
2024-10-20 17:28:55:2855 [32minfo[39m: [32mServer is running on port 3000[39m
2024-10-20 17:30:25:3025 [35mhttp[39m: [35mGET /api//movie 404 149 - 2.398 ms[39m
[35m[39m
2024-10-20 17:30:47:3047 [35mhttp[39m: [35mGET /api//movie 404 149 - 0.769 ms[39m
[35m[39m
2024-10-20 17:31:09:319 [35mhttp[39m: [35mGET /api/movie//movie 404 155 - 0.385 ms[39m
[35m[39m
2024-10-20 17:31:11:3111 [35mhttp[39m: [35mGET /api/movie//movie 404 155 - 0.444 ms[39m
[35m[39m
2024-10-20 17:31:33:3133 [35mhttp[39m: [35mPOST /api/movie//movie 404 156 - 0.889 ms[39m
[35m[39m
2024-10-20 17:32:48:3248 [35mhttp[39m: [35mPOST /api/movie//movie 404 156 - 0.359 ms[39m
[35m[39m
2024-10-20 17:33:30:3330 [35mhttp[39m: [35mPOST /api/movie//movie 404 156 - 0.447 ms[39m
[35m[39m
2024-10-20 17:33:35:3335 [35mhttp[39m: [35mPOST /api/movie/movie 404 155 - 1.097 ms[39m
[35m[39m
2024-10-20 17:33:41:3341 [35mhttp[39m: [35mPOST /api/movie//api/movie 404 160 - 0.480 ms[39m
[35m[39m
2024-10-20 17:33:47:3347 [35mhttp[39m: [35mPOST /api/movie//movie 404 156 - 0.902 ms[39m
[35m[39m
2024-10-20 17:35:34:3534 [35mhttp[39m: [35mGET /api/movie/test 404 153 - 0.596 ms[39m
[35m[39m
2024-10-20 17:37:40:3740 [35mhttp[39m: [35mPOST /api/movie/movie 404 155 - 0.329 ms[39m
[35m[39m
2024-10-20 17:37:52:3752 [35mhttp[39m: [35mPOST /api/movie/movie 404 155 - 0.587 ms[39m
[35m[39m
2024-10-20 17:38:11:3811 [35mhttp[39m: [35mPOST /api/movie/movie 404 155 - 0.277 ms[39m
[35m[39m
2024-10-20 17:38:21:3821 [35mhttp[39m: [35mPOST /api/movie//movie 404 156 - 0.355 ms[39m
[35m[39m
2024-10-20 17:38:29:3829 [35mhttp[39m: [35mPOST /api/movie//api 404 154 - 0.488 ms[39m
[35m[39m
2024-10-20 17:38:34:3834 [35mhttp[39m: [35mPOST /api/movie//api/movie 404 160 - 0.581 ms[39m
[35m[39m
2024-10-20 17:38:42:3842 [32minfo[39m: [32mConectou ao banco de dados![39m
2024-10-20 17:38:42:3842 [32minfo[39m: [32mServer is running on port 3000[39m
2024-10-20 17:39:09:399 [32minfo[39m: [32mConectou ao banco de dados![39m
2024-10-20 17:39:09:399 [32minfo[39m: [32mServer is running on port 3000[39m
2024-10-20 17:39:17:3917 [35mhttp[39m: [35mPOST /api/movie//api/movie 404 160 - 4.439 ms[39m
[35m[39m
2024-10-20 17:39:50:3950 [32minfo[39m: [32mConectou ao banco de dados![39m
2024-10-20 17:39:50:3950 [32minfo[39m: [32mServer is running on port 3000[39m
2024-10-20 17:39:54:3954 [35mhttp[39m: [35mPOST /api/movie//api/movie 404 160 - 2.989 ms[39m
[35m[39m
2024-10-20 17:40:00:400 [35mhttp[39m: [35mPOST /api/movie/movie 404 155 - 1.099 ms[39m
[35m[39m
2024-10-20 17:40:11:4011 [35mhttp[39m: [35mPOST /api/movie/ 200 21 - 5.320 ms[39m
[35m[39m
2024-10-20 17:40:13:4013 [35mhttp[39m: [35mPOST /api/movie/ 200 21 - 0.589 ms[39m
[35m[39m
2024-10-20 17:40:27:4027 [32minfo[39m: [32mConectou ao banco de dados![39m
2024-10-20 17:40:27:4027 [32minfo[39m: [32mServer is running on port 3000[39m
2024-10-20 17:40:30:4030 [35mhttp[39m: [35mPOST /api/movie/ 200 20 - 3.739 ms[39m
[35m[39m
2024-10-20 17:40:32:4032 [35mhttp[39m: [35mPOST /api/movie/ 200 20 - 0.666 ms[39m
[35m[39m
2024-10-20 17:40:39:4039 [35mhttp[39m: [35mPOST /api/movie/movie 404 155 - 2.952 ms[39m
[35m[39m
2024-10-20 17:40:45:4045 [35mhttp[39m: [35mPOST /api/movie/ 200 20 - 0.879 ms[39m
[35m[39m
2024-10-20 17:41:23:4123 [35mhttp[39m: [35mPOST /api/movie/ 200 20 - 0.517 ms[39m
[35m[39m
2024-10-20 17:41:25:4125 [35mhttp[39m: [35mPOST /api/movie/ 200 20 - 0.512 ms[39m
[35m[39m
2024-10-20 17:41:38:4138 [35mhttp[39m: [35mPOST /api/movie/test 404 154 - 0.388 ms[39m
[35m[39m
2024-10-20 17:41:47:4147 [35mhttp[39m: [35mPOST /api/movie/../test 404 157 - 0.746 ms[39m
[35m[39m
2024-10-20 17:42:05:425 [35mhttp[39m: [35mGET /api/movie/test 404 153 - 0.611 ms[39m
[35m[39m
2024-10-20 17:42:13:4213 [35mhttp[39m: [35mGET /api/movie//api/test 404 158 - 1.483 ms[39m
[35m[39m
2024-10-20 17:42:22:4222 [35mhttp[39m: [35mGET /api/movie/ 404 149 - 0.389 ms[39m
[35m[39m
2024-10-20 17:42:26:4226 [35mhttp[39m: [35mPOST /api/movie/ 200 20 - 0.845 ms[39m
[35m[39m
2024-10-20 17:42:35:4235 [35mhttp[39m: [35mPOST /api/movie/ 200 20 - 0.205 ms[39m
[35m[39m
2024-10-20 17:45:37:4537 [32minfo[39m: [32mConectou ao banco de dados![39m
2024-10-20 17:45:37:4537 [32minfo[39m: [32mServer is running on port 3000[39m
2024-10-20 17:46:49:4649 [35mhttp[39m: [35mPOST /api/movie/ 201 70 - 9.803 ms[39m
[35m[39m
2024-10-20 18:51:48:5148 [32minfo[39m: [32mConectou ao banco de dados![39m
2024-10-20 18:51:48:5148 [32minfo[39m: [32mServer is running on port 3000[39m
2024-10-20 18:51:50:5150 [32minfo[39m: [32mConectou ao banco de dados![39m
2024-10-20 18:51:50:5150 [32minfo[39m: [32mServer is running on port 3000[39m
2024-10-20 18:52:10:5210 [35mhttp[39m: [35mPOST /api/movie/ 201 71 - 6.903 ms[39m
[35m[39m
2024-10-20 19:26:44:2644 [32minfo[39m: [32mConectou ao banco de dados![39m
2024-10-20 19:26:44:2644 [32minfo[39m: [32mServer is running on port 3000[39m
2024-10-20 19:28:16:2816 [32minfo[39m: [32mConectou ao banco de dados![39m
2024-10-20 19:28:16:2816 [32minfo[39m: [32mServer is running on port 3000[39m
2024-10-20 20:35:17:3517 [32minfo[39m: [32mConectou ao banco de dados![39m
2024-10-20 20:35:17:3517 [32minfo[39m: [32mServer is running on port 3000[39m
2024-10-20 20:35:47:3547 [35mhttp[39m: [35mPOST /api/movie/ 201 71 - 9.355 ms[39m
[35m[39m
2024-10-20 20:35:55:3555 [35mhttp[39m: [35mPOST /api/movie/test 404 154 - 2.081 ms[39m
[35m[39m
2024-10-20 20:35:58:3558 [35mhttp[39m: [35mGET /api/movie/test 404 153 - 0.658 ms[39m
[35m[39m
2024-10-20 20:36:11:3611 [35mhttp[39m: [35mGET /api/movie/test 404 153 - 0.868 ms[39m
[35m[39m
2024-10-20 20:36:16:3616 [35mhttp[39m: [35mGET /api/movie/ 404 149 - 0.566 ms[39m
[35m[39m
2024-10-20 20:36:25:3625 [35mhttp[39m: [35mGET /api/movie//api/test 404 158 - 0.654 ms[39m
[35m[39m
2024-10-20 20:36:29:3629 [35mhttp[39m: [35mGET /api/movie//api/test/ 404 159 - 1.239 ms[39m
[35m[39m
2024-10-20 20:36:42:3642 [35mhttp[39m: [35mGET /api/movie/ 404 149 - 0.314 ms[39m
[35m[39m
2024-10-20 20:36:46:3646 [35mhttp[39m: [35mGET /api/movie/ 404 149 - 0.336 ms[39m
[35m[39m
2024-10-20 20:36:49:3649 [35mhttp[39m: [35mPOST /api/movie/ 201 71 - 0.855 ms[39m
[35m[39m
2024-10-20 20:37:21:3721 [32minfo[39m: [32mConectou ao banco de dados![39m
2024-10-20 20:37:21:3721 [32minfo[39m: [32mServer is running on port 3000[39m
2024-10-20 20:37:23:3723 [32minfo[39m: [32mConectou ao banco de dados![39m
2024-10-20 20:37:23:3723 [32minfo[39m: [32mServer is running on port 3000[39m
2024-10-20 20:37:27:3727 [35mhttp[39m: [35mPOST /api/movie/ 201 71 - 7.165 ms[39m
[35m[39m
2024-10-20 20:37:33:3733 [35mhttp[39m: [35mPOST /api/movie/Movie 404 155 - 1.035 ms[39m
[35m[39m
2024-10-20 20:37:42:3742 [35mhttp[39m: [35mPOST /api/movie/ 201 71 - 0.866 ms[39m
[35m[39m
2024-10-20 20:37:54:3754 [32minfo[39m: [32mConectou ao banco de dados![39m
2024-10-20 20:37:54:3754 [32minfo[39m: [32mServer is running on port 3000[39m
2024-10-20 20:38:34:3834 [32minfo[39m: [32mConectou ao banco de dados![39m
2024-10-20 20:38:34:3834 [32minfo[39m: [32mServer is running on port 3000[39m
2024-10-20 20:38:42:3842 [32minfo[39m: [32mConectou ao banco de dados![39m
2024-10-20 20:38:42:3842 [32minfo[39m: [32mServer is running on port 3000[39m
2024-10-20 20:38:48:3848 [35mhttp[39m: [35mPOST /api/movie//movie 404 156 - 2.054 ms[39m
[35m[39m
2024-10-20 20:38:57:3857 [35mhttp[39m: [35mPOST /api/movie/movie 404 155 - 0.364 ms[39m
[35m[39m
2024-10-20 20:38:59:3859 [35mhttp[39m: [35mPOST /api/movie/movie 404 155 - 0.820 ms[39m
[35m[39m
2024-10-20 20:39:12:3912 [32minfo[39m: [32mConectou ao banco de dados![39m
2024-10-20 20:39:12:3912 [32minfo[39m: [32mServer is running on port 3000[39m
2024-10-20 20:39:32:3932 [32minfo[39m: [32mConectou ao banco de dados![39m
2024-10-20 20:39:32:3932 [32minfo[39m: [32mServer is running on port 3000[39m
2024-10-20 20:39:36:3936 [35mhttp[39m: [35mPOST /api/movie/ 404 150 - 1.817 ms[39m
[35m[39m
2024-10-20 20:39:43:3943 [32minfo[39m: [32mConectou ao banco de dados![39m
2024-10-20 20:39:43:3943 [32minfo[39m: [32mServer is running on port 3000[39m
2024-10-20 20:39:45:3945 [35mhttp[39m: [35mPOST /api/movie/ 201 71 - 7.604 ms[39m
[35m[39m
2024-10-20 20:40:38:4038 [32minfo[39m: [32mConectou ao banco de dados![39m
2024-10-20 20:40:38:4038 [32minfo[39m: [32mServer is running on port 3000[39m
2024-10-20 20:47:18:4718 [32minfo[39m: [32mConectou ao banco de dados![39m
2024-10-20 20:47:18:4718 [32minfo[39m: [32mServer is running on port 3000[39m
2024-10-20 20:47:34:4734 [35mhttp[39m: [35mPOST /api/movie/ 422 54 - 5.056 ms[39m
[35m[39m
2024-10-20 20:48:05:485 [32minfo[39m: [32mConectou ao banco de dados![39m
2024-10-20 20:48:05:485 [32minfo[39m: [32mServer is running on port 3000[39m
2024-10-20 20:48:15:4815 [32minfo[39m: [32mConectou ao banco de dados![39m
2024-10-20 20:48:15:4815 [32minfo[39m: [32mServer is running on port 3000[39m
2024-10-20 20:48:52:4852 [32minfo[39m: [32mConectou ao banco de dados![39m
2024-10-20 20:48:52:4852 [32minfo[39m: [32mServer is running on port 3000[39m
2024-10-20 20:49:00:490 [35mhttp[39m: [35mPOST /api/movie/ 422 74 - 8.011 ms[39m
[35m[39m
2024-10-20 20:50:20:5020 [32minfo[39m: [32mConectou ao banco de dados![39m
2024-10-20 20:50:20:5020 [32minfo[39m: [32mServer is running on port 3000[39m
2024-10-20 20:50:51:5051 [35mhttp[39m: [35mPOST /api/movie/ 422 57 - 6.443 ms[39m
[35m[39m
2024-10-20 20:52:05:525 [35mhttp[39m: [35mPOST /api/movie/ 201 86 - 11.094 ms[39m
[35m[39m
2024-10-20 20:54:27:5427 [32minfo[39m: [32mConectou ao banco de dados![39m
2024-10-20 20:54:27:5427 [32minfo[39m: [32mServer is running on port 3000[39m
2024-10-20 20:54:44:5444 [32minfo[39m: [32mConectou ao banco de dados![39m
2024-10-20 20:54:44:5444 [32minfo[39m: [32mServer is running on port 3000[39m
2024-10-20 20:54:54:5454 [35mhttp[39m: [35mPOST /api/movie/ 422 62 - 5.864 ms[39m
[35m[39m
2024-10-20 20:56:23:5623 [32minfo[39m: [32mConectou ao banco de dados![39m
2024-10-20 20:56:23:5623 [32minfo[39m: [32mServer is running on port 3000[39m
2024-10-20 20:56:25:5625 [35mhttp[39m: [35mPOST /api/movie/ 422 108 - 6.681 ms[39m
[35m[39m
2024-10-20 20:56:49:5649 [35mhttp[39m: [35mPOST /api/movie/ 201 115 - 10.583 ms[39m
[35m[39m
2024-10-20 20:57:15:5715 [32minfo[39m: [32mConectou ao banco de dados![39m
2024-10-20 20:57:15:5715 [32minfo[39m: [32mServer is running on port 3000[39m
2024-10-20 20:58:06:586 [32minfo[39m: [32mConectou ao banco de dados![39m
2024-10-20 20:58:06:586 [32minfo[39m: [32mServer is running on port 3000[39m
2024-10-20 20:58:13:5813 [32minfo[39m: [32mConectou ao banco de dados![39m
2024-10-20 20:58:13:5813 [32minfo[39m: [32mServer is running on port 3000[39m
2024-10-20 20:58:15:5815 [35mhttp[39m: [35mPOST /api/movie/ 422 60 - 6.610 ms[39m
[35m[39m
2024-10-20 20:58:29:5829 [32minfo[39m: [32mConectou ao banco de dados![39m
2024-10-20 20:58:29:5829 [32minfo[39m: [32mServer is running on port 3000[39m
2024-10-20 20:58:31:5831 [35mhttp[39m: [35mPOST /api/movie/ 422 62 - 6.682 ms[39m
[35m[39m
2024-10-20 20:58:50:5850 [35mhttp[39m: [35mPOST /api/movie/ 201 138 - 8.288 ms[39m
[35m[39m
2024-10-20 20:59:37:5937 [32minfo[39m: [32mConectou ao banco de dados![39m
2024-10-20 20:59:37:5937 [32minfo[39m: [32mServer is running on port 3000[39m
2024-10-20 21:01:08:18 [35mhttp[39m: [35mPOST /api/movie/ 201 675 - 14.757 ms[39m
[35m[39m
2024-10-21 10:09:21:921 [32minfo[39m: [32mConectou ao banco de dados![39m
2024-10-21 10:09:21:921 [32minfo[39m: [32mServer is running on port 3000[39m
2024-10-21 10:12:13:1213 [35mhttp[39m: [35mPOST /api/movie/ 201 675 - 13.721 ms[39m
[35m[39m
2024-10-21 10:16:57:1657 [35mhttp[39m: [35mPOST /api/movie/ 201 675 - 6.756 ms[39m
[35m[39m
2024-10-21 10:17:05:175 [35mhttp[39m: [35mGET /api/movie//api/test 404 158 - 0.869 ms[39m
[35m[39m
2024-10-21 10:17:15:1715 [35mhttp[39m: [35mPOST /api/movie/ 201 675 - 4.015 ms[39m
[35m[39m
2024-10-21 10:29:31:2931 [32minfo[39m: [32mConectou ao banco de dados![39m
2024-10-21 10:29:31:2931 [32minfo[39m: [32mServer is running on port 3000[39m
2024-10-21 10:30:10:3010 [35mhttp[39m: [35mPOST /api/movie 422 302 - 10.720 ms[39m
[35m[39m
2024-10-21 10:30:28:3028 [35mhttp[39m: [35mGET /api/test 200 14 - 0.662 ms[39m
[35m[39m
2024-10-21 10:31:10:3110 [35mhttp[39m: [35mPOST /api/movie 422 302 - 6.630 ms[39m
[35m[39m
2024-10-21 10:31:56:3156 [35mhttp[39m: [35mPOST /api/Movie 422 302 - 2.496 ms[39m
[35m[39m
2024-10-21 10:31:57:3157 [35mhttp[39m: [35mPOST /api/Movie 422 302 - 2.529 ms[39m
[35m[39m
2024-10-21 10:32:50:3250 [35mhttp[39m: [35mPOST /api/Movie 201 675 - 8.717 ms[39m
[35m[39m
2024-10-21 10:33:21:3321 [35mhttp[39m: [35mPOST /api/movie 201 675 - 2.430 ms[39m
[35m[39m
2024-10-21 10:46:51:4651 [32minfo[39m: [32mConectou ao banco de dados![39m
2024-10-21 10:46:51:4651 [32minfo[39m: [32mServer is running on port 3000[39m
2024-10-21 10:58:17:5817 [35mhttp[39m: [35mPOST /api/movie 201 675 - 17.221 ms[39m
[35m[39m
2024-10-21 10:59:58:5958 [32minfo[39m: [32mConectou ao banco de dados![39m
2024-10-21 10:59:58:5958 [32minfo[39m: [32mServer is running on port 3000[39m
2024-10-21 11:00:18:018 [32minfo[39m: [32mConectou ao banco de dados![39m
2024-10-21 11:00:18:018 [32minfo[39m: [32mServer is running on port 3000[39m
2024-10-21 11:00:26:026 [35mhttp[39m: [35mPOST /api/movie 201 761 - 56.360 ms[39m
[35m[39m
2024-10-21 11:00:28:028 [35mhttp[39m: [35mPOST /api/movie 201 761 - 41.907 ms[39m
[35m[39m
2024-10-21 11:09:56:956 [32minfo[39m: [32mConectou ao banco de dados![39m
2024-10-21 11:09:56:956 [32minfo[39m: [32mServer is running on port 3000[39m
2024-10-21 11:10:51:1051 [32minfo[39m: [32mConectou ao banco de dados![39m
2024-10-21 11:10:51:1051 [32minfo[39m: [32mServer is running on port 3000[39m
2024-10-21 11:12:10:1210 [35mhttp[39m: [35mGET /api/movie/67165e7caf34816ec8aa4b32 404 36 - 39.995 ms[39m
[35m[39m
2024-10-21 11:12:17:1217 [35mhttp[39m: [35mGET /api/movie/67165e7caf34816ec8aa4b36 404 36 - 28.294 ms[39m
[35m[39m
2024-10-21 11:12:20:1220 [35mhttp[39m: [35mGET /api/movie/67165e7caf34816ec8aa4b36 404 36 - 30.526 ms[39m
[35m[39m
2024-10-21 11:13:20:1320 [32minfo[39m: [32mConectou ao banco de dados![39m
2024-10-21 11:13:20:1320 [32minfo[39m: [32mServer is running on port 3000[39m
2024-10-21 11:13:29:1329 [35mhttp[39m: [35mGET /api/movie/67165e7caf34816ec8aa4b36 500 36 - 38.116 ms[39m
[35m[39m
2024-10-21 11:13:43:1343 [32minfo[39m: [32mConectou ao banco de dados![39m
2024-10-21 11:13:43:1343 [32minfo[39m: [32mServer is running on port 3000[39m
2024-10-21 11:14:09:149 [32minfo[39m: [32mConectou ao banco de dados![39m
2024-10-21 11:14:09:149 [32minfo[39m: [32mServer is running on port 3000[39m
2024-10-21 11:14:47:1447 [35mhttp[39m: [35mPOST /api/movie 201 761 - 57.550 ms[39m
[35m[39m
2024-10-21 11:15:01:151 [35mhttp[39m: [35mGET /api//movie/671661d796ab21a92c8c39ad 200 761 - 39.955 ms[39m
[35m[39m
2024-10-21 11:15:09:159 [35mhttp[39m: [35mGET /api//movie/671661d796ab21a92c8c39ae 500 36 - 30.568 ms[39m
[35m[39m
2024-10-21 11:15:50:1550 [32minfo[39m: [32mConectou ao banco de dados![39m
2024-10-21 11:15:50:1550 [32minfo[39m: [32mServer is running on port 3000[39m
2024-10-21 11:15:53:1553 [35mhttp[39m: [35mGET /api//movie/671661d796ab21a92c8c39ad 200 761 - 41.849 ms[39m
[35m[39m
2024-10-21 11:15:57:1557 [35mhttp[39m: [35mPOST /api/movie 201 761 - 50.112 ms[39m
[35m[39m
2024-10-21 11:16:10:1610 [35mhttp[39m: [35mGET /api//movie/6716621d5031c772c695fb29 200 761 - 32.722 ms[39m
[35m[39m
2024-10-21 11:28:52:2852 [32minfo[39m: [32mConectou ao banco de dados![39m
2024-10-21 11:28:52:2852 [32minfo[39m: [32mServer is running on port 3000[39m
2024-10-21 11:28:56:2856 [35mhttp[39m: [35mPOST /api/movie 201 761 - 56.049 ms[39m
[35m[39m
2024-10-21 11:29:10:2910 [31merror[39m: [31mErro no sistema: Cannot set headers after they are sent to the client[39m
2024-10-21 11:29:10:2910 [35mhttp[39m: [35mGET /api//movie/671665284b38d5f59e14c3cd 200 36 - 36.981 ms[39m
[35m[39m
2024-10-21 11:29:15:2915 [35mhttp[39m: [35mGET /api//movie/671665284b38d5f59e14c3cc 200 761 - 40.351 ms[39m
[35m[39m
2024-10-21 11:32:28:3228 [32minfo[39m: [32mConectou ao banco de dados![39m
2024-10-21 11:32:28:3228 [32minfo[39m: [32mServer is running on port 3000[39m
2024-10-21 11:33:06:336 [32minfo[39m: [32mConectou ao banco de dados![39m
2024-10-21 11:33:06:336 [32minfo[39m: [32mServer is running on port 3000[39m
2024-10-21 11:33:40:3340 [32minfo[39m: [32mConectou ao banco de dados![39m
2024-10-21 11:33:40:3340 [32minfo[39m: [32mServer is running on port 3000[39m
2024-10-21 11:34:52:3452 [32minfo[39m: [32mConectou ao banco de dados![39m
2024-10-21 11:34:52:3452 [32minfo[39m: [32mServer is running on port 3000[39m
2024-10-21 11:35:32:3532 [32minfo[39m: [32mConectou ao banco de dados![39m
2024-10-21 11:35:32:3532 [32minfo[39m: [32mServer is running on port 3000[39m
2024-10-21 11:36:12:3612 [35mhttp[39m: [35mGET /api//movie 200 3095 - 45.903 ms[39m
[35m[39m
2024-10-21 11:39:21:3921 [32minfo[39m: [32mConectou ao banco de dados![39m
2024-10-21 11:39:21:3921 [32minfo[39m: [32mServer is running on port 3000[39m
2024-10-21 11:39:37:3937 [32minfo[39m: [32mConectou ao banco de dados![39m
2024-10-21 11:39:37:3937 [32minfo[39m: [32mServer is running on port 3000[39m
2024-10-21 11:39:54:3954 [32minfo[39m: [32mConectou ao banco de dados![39m
2024-10-21 11:39:54:3954 [32minfo[39m: [32mServer is running on port 3000[39m
2024-10-21 11:40:00:400 [32minfo[39m: [32mConectou ao banco de dados![39m
2024-10-21 11:40:00:400 [32minfo[39m: [32mServer is running on port 3000[39m
2024-10-21 11:40:42:4042 [32minfo[39m: [32mConectou ao banco de dados![39m
2024-10-21 11:40:42:4042 [32minfo[39m: [32mServer is running on port 3000[39m
2024-10-21 11:41:20:4120 [32minfo[39m: [32mConectou ao banco de dados![39m
2024-10-21 11:41:20:4120 [32minfo[39m: [32mServer is running on port 3000[39m
2024-10-21 11:43:04:434 [32minfo[39m: [32mConectou ao banco de dados![39m
2024-10-21 11:43:04:434 [32minfo[39m: [32mServer is running on port 3000[39m
2024-10-21 11:43:52:4352 [32minfo[39m: [32mConectou ao banco de dados![39m
2024-10-21 11:43:52:4352 [32minfo[39m: [32mServer is running on port 3000[39m
2024-10-21 11:43:58:4358 [32minfo[39m: [32mConectou ao banco de dados![39m
2024-10-21 11:43:58:4358 [32minfo[39m: [32mServer is running on port 3000[39m
2024-10-21 11:45:10:4510 [35mhttp[39m: [35mDELETE /api//movie/671665284b38d5f59e14c3cc - - - - ms[39m
[35m[39m
2024-10-21 11:45:12:4512 [35mhttp[39m: [35mDELETE /api//movie/671665284b38d5f59e14c3ca 404 33 - 38.449 ms[39m
[35m[39m
2024-10-21 11:48:40:4840 [32minfo[39m: [32mConectou ao banco de dados![39m
2024-10-21 11:48:40:4840 [32minfo[39m: [32mServer is running on port 3000[39m
2024-10-21 11:49:19:4919 [32minfo[39m: [32mConectou ao banco de dados![39m
2024-10-21 11:49:19:4919 [32minfo[39m: [32mServer is running on port 3000[39m
2024-10-21 11:49:53:4953 [35mhttp[39m: [35mDELETE /api//movie/671665284b38d5f59e14c3cc 200 41 - 80.489 ms[39m
[35m[39m
2024-10-21 11:52:22:5222 [32minfo[39m: [32mConectou ao banco de dados![39m
2024-10-21 11:52:22:5222 [32minfo[39m: [32mServer is running on port 3000[39m
2024-10-21 11:53:55:5355 [32minfo[39m: [32mConectou ao banco de dados![39m
2024-10-21 11:53:55:5355 [32minfo[39m: [32mServer is running on port 3000[39m
2024-10-21 11:55:10:5510 [32minfo[39m: [32mConectou ao banco de dados![39m
2024-10-21 11:55:10:5510 [32minfo[39m: [32mServer is running on port 3000[39m
2024-10-21 11:55:51:5551 [35mhttp[39m: [35mPATCH /api//movie/671665284b38d5f59e14c3cc 404 33 - 46.130 ms[39m
[35m[39m
2024-10-21 11:57:41:5741 [32minfo[39m: [32mConectou ao banco de dados![39m
2024-10-21 11:57:41:5741 [32minfo[39m: [32mServer is running on port 3000[39m
2024-10-21 11:58:22:5822 [32minfo[39m: [32mConectou ao banco de dados![39m
2024-10-21 11:58:22:5822 [32minfo[39m: [32mServer is running on port 3000[39m
2024-10-21 12:53:52:5352 [35mhttp[39m: [35mPATCH /api//movie/671665284b38d5f59e14c3cc 404 33 - 37.706 ms[39m
[35m[39m
2024-10-21 12:53:52:5352 [31merror[39m: [31mErro no sistema: Cannot set headers after they are sent to the client[39m
2024-10-21 12:57:02:572 [32minfo[39m: [32mConectou ao banco de dados![39m
2024-10-21 12:57:02:572 [32minfo[39m: [32mServer is running on port 3000[39m
2024-10-21 12:57:04:574 [35mhttp[39m: [35mPATCH /api//movie/671665284b38d5f59e14c3cc 404 33 - 41.034 ms[39m
[35m[39m
2024-10-21 12:57:05:575 [31merror[39m: [31mErro no sistema: Cannot set headers after they are sent to the client[39m
2024-10-21 12:57:57:5757 [32minfo[39m: [32mConectou ao banco de dados![39m
2024-10-21 12:57:57:5757 [32minfo[39m: [32mServer is running on port 3000[39m
2024-10-21 12:58:15:5815 [32minfo[39m: [32mConectou ao banco de dados![39m
2024-10-21 12:58:15:5815 [32minfo[39m: [32mServer is running on port 3000[39m
2024-10-21 12:58:18:5818 [35mhttp[39m: [35mPATCH /api//movie/671665284b38d5f59e14c3cc 404 33 - 39.439 ms[39m
[35m[39m
2024-10-21 12:58:18:5818 [31merror[39m: [31mErro no sistema: Cannot set headers after they are sent to the client[39m
2024-10-21 12:58:30:5830 [32minfo[39m: [32mConectou ao banco de dados![39m
2024-10-21 12:58:30:5830 [32minfo[39m: [32mServer is running on port 3000[39m
2024-10-21 12:58:40:5840 [31merror[39m: [31mErro no sistema: Cannot set headers after they are sent to the client[39m
2024-10-21 12:58:40:5840 [35mhttp[39m: [35mGET /api//movie/671665284b38d5f59e14c3cc 500 36 - 40.795 ms[39m
[35m[39m
2024-10-21 13:00:17:017 [32minfo[39m: [32mConectou ao banco de dados![39m
2024-10-21 13:00:17:017 [32minfo[39m: [32mServer is running on port 3000[39m
2024-10-21 13:00:22:022 [32minfo[39m: [32mConectou ao banco de dados![39m
2024-10-21 13:00:22:022 [32minfo[39m: [32mServer is running on port 3000[39m
2024-10-21 13:00:44:044 [35mhttp[39m: [35mPATCH /api//movie 404 151 - 2.391 ms[39m
[35m[39m
2024-10-21 13:00:49:049 [35mhttp[39m: [35mPATCH /api//movie/ 404 152 - 1.034 ms[39m
[35m[39m
2024-10-21 13:00:57:057 [35mhttp[39m: [35mPATCH /api/movie 404 150 - 0.389 ms[39m
[35m[39m
2024-10-21 13:01:02:12 [35mhttp[39m: [35mGET /api//movie 200 2333 - 56.389 ms[39m
[35m[39m
2024-10-21 13:01:07:17 [31merror[39m: [31mErro no sistema: Cannot set headers after they are sent to the client[39m
2024-10-21 13:01:07:17 [35mhttp[39m: [35mGET /api//movie/671665284b38d5f59e14c3cc 500 36 - 31.576 ms[39m
[35m[39m
